<?xml version="1.0" encoding="UTF-8"?>
<!-- Generated by org.testng.reporters.JUnitXMLReporter -->
<testsuite hostname="LAPTOP-6R11FLAG" name="Expedia Signup" tests="1" failures="0" timestamp="24 Jun 2019 02:14:43 GMT" time="0.1" errors="0">
  <testcase name="@BeforeMethod browserInitialize" time="0.0" classname="testCase.Tc01">
    <failure type="java.lang.IllegalStateException" message="The driver executable does not exist: C:\Users\shahadat\workspace\ExpediaTestDRIVER\chromedriver.exe">
      <![CDATA[java.lang.IllegalStateException: The driver executable does not exist: C:\Users\shahadat\workspace\ExpediaTestDRIVER\chromedriver.exe
	at com.google.common.base.Preconditions.checkState(Preconditions.java:585)
	at org.openqa.selenium.remote.service.DriverService.checkExecutable(DriverService.java:136)
	at org.openqa.selenium.remote.service.DriverService.findExecutable(DriverService.java:131)
	at org.openqa.selenium.chrome.ChromeDriverService.access$000(ChromeDriverService.java:32)
	at org.openqa.selenium.chrome.ChromeDriverService$Builder.findDefaultExecutable(ChromeDriverService.java:137)
	at org.openqa.selenium.remote.service.DriverService$Builder.build(DriverService.java:339)
	at org.openqa.selenium.chrome.ChromeDriverService.createDefaultService(ChromeDriverService.java:88)
	at org.openqa.selenium.chrome.ChromeDriver.<init>(ChromeDriver.java:123)
	at base.Config.browserInitialize(Config.java:18)
	at java.util.concurrent.FutureTask.run(Unknown Source)
	at java.util.concurrent.ThreadPoolExecutor.runWorker(Unknown Source)
	at java.util.concurrent.ThreadPoolExecutor$Worker.run(Unknown Source)
	at java.lang.Thread.run(Unknown Source)
... Removed 18 stack frames]]>
    </failure>
  </testcase> <!-- @BeforeMethod browserInitialize -->
  <testcase name="@AfterMethod afterTest" time="0.0" classname="testCase.Tc01">
    <skipped/>
  </testcase> <!-- @AfterMethod afterTest -->
  <testcase name="signup" time="0.001" classname="testCase.Tc01">
    <skipped/>
  </testcase> <!-- signup -->
</testsuite> <!-- Expedia Signup -->
